<?xml version="1.0" encoding="UTF-8"?>
<!-- Generated by org.testng.reporters.JUnitReportReporter -->
<testsuite hostname="LIN24004026" failures="0" tests="10" name="runner.OrangeHRMLogin" time="78.267" errors="0" timestamp="18 May 2021 17:36:07 GMT" skipped="0">
  <testcase classname="runner.OrangeHRMLogin" name="runScenario" time="7.294"/>
  <testcase classname="runner.OrangeHRMLogin" name="runScenario" time="6.298"/>
  <testcase classname="runner.OrangeHRMLogin" name="runScenario" time="7.018"/>
  <testcase classname="runner.OrangeHRMLogin" name="runScenario" time="7.791"/>
  <testcase classname="runner.OrangeHRMLogin" name="runScenario" time="7.429"/>
  <testcase classname="runner.OrangeHRMLogin" name="runScenario" time="7.314"/>
  <testcase classname="runner.OrangeHRMLogin" name="runScenario" time="6.557"/>
  <testcase classname="runner.OrangeHRMLogin" name="runScenario" time="7.760"/>
  <testcase classname="runner.OrangeHRMLogin" name="runScenario" time="8.212"/>
  <testcase classname="runner.OrangeHRMLogin" name="runScenario" time="12.594"/>
</testsuite> <!-- runner.OrangeHRMLogin -->
